This file contains any messages produced by compilers while
running configure, to aid debugging if configure makes a mistake.

configure:562: checking for mawk
configure:594: checking for gcc
configure:707: checking whether the C compiler (gcc  ) works
configure:723: gcc -o conftest    conftest.c  1>&5
configure:720:1: warning: return type defaults to 'int' [-Wimplicit-int]
  720 | main(){return(0);}
      | ^~~~
configure:749: checking whether the C compiler (gcc  ) is a cross-compiler
configure:754: checking whether we are using GNU C
configure:763: gcc -E conftest.c
configure:782: checking whether gcc accepts -g
configure:814: checking how to run the C preprocessor
configure:835: gcc -E  conftest.c >/dev/null 2>conftest.out
configure:905: checking for a BSD compatible install
configure:962: checking for bison
configure:962: checking for byacc
configure:1001: checking for atan in -lm
configure:1020: gcc -o conftest -g -O2 -pipe -pedantic -Wall -W -Wshadow -Wbad-function-cast -Wcast-qual -Wcast-align -Wwrite-strings -Wpointer-arith -Wnested-externs -Wstrict-prototypes -Wmissing-prototypes -Wmissing-declarations   conftest.c -lm   1>&5
configure:1013:1: warning: function declaration isn't a prototype [-Wstrict-prototypes]
 1013 | char atan();
      | ^~~~
configure:1013:6: warning: conflicting types for built-in function 'atan'; expected 'double(double)' [-Wbuiltin-declaration-mismatch]
 1013 | char atan();
      |      ^~~~
configure:1010:1: note: 'atan' is declared in header '<math.h>'
 1009 | #include "confdefs.h"
  +++ |+#include <math.h>
 1010 | /* Override any gcc2 internal prototype to avoid an error.  */
configure:1015:5: warning: function declaration isn't a prototype [-Wstrict-prototypes]
 1015 | int main() {
      |     ^~~~
configure:1049: checking for ANSI C header files
configure:1062: gcc -E  conftest.c >/dev/null 2>conftest.out
configure:1129: gcc -o conftest -g -O2 -pipe -pedantic -Wall -W -Wshadow -Wbad-function-cast -Wcast-qual -Wcast-align -Wwrite-strings -Wpointer-arith -Wnested-externs -Wstrict-prototypes -Wmissing-prototypes -Wmissing-declarations   conftest.c -lm  1>&5
configure:1123:5: warning: function declaration isn't a prototype [-Wstrict-prototypes]
 1123 | int main () { int i; for (i = 0; i < 256; i++)
      |     ^~~~
configure: In function 'main':
configure:1124:67: warning: implicit declaration of function 'exit' [-Wimplicit-function-declaration]
 1124 | if (XOR (islower (i), ISLOWER (i)) || toupper (i) != TOUPPER (i)) exit(2);
      |                                                                   ^~~~
configure:1120:1: note: include '<stdlib.h>' or provide a declaration of 'exit'
 1119 | #include <ctype.h>
  +++ |+#include <stdlib.h>
 1120 | #define ISLOWER(c) ('a' <= (c) && (c) <= 'z')
configure:1124:67: warning: incompatible implicit declaration of built-in function 'exit' [-Wbuiltin-declaration-mismatch]
 1124 | if (XOR (islower (i), ISLOWER (i)) || toupper (i) != TOUPPER (i)) exit(2);
      |                                                                   ^~~~
configure:1124:67: note: include '<stdlib.h>' or provide a declaration of 'exit'
configure:1125:1: warning: incompatible implicit declaration of built-in function 'exit' [-Wbuiltin-declaration-mismatch]
 1125 | exit (0); }
      | ^~~~
configure:1125:1: note: include '<stdlib.h>' or provide a declaration of 'exit'
configure:1156: checking for malloc.h
configure:1166: gcc -E  conftest.c >/dev/null 2>conftest.out
configure:1156: checking for unistd.h
configure:1166: gcc -E  conftest.c >/dev/null 2>conftest.out
configure:1194: checking for working const
configure:1248: gcc -c -g -O2 -pipe -pedantic -Wall -W -Wshadow -Wbad-function-cast -Wcast-qual -Wcast-align -Wwrite-strings -Wpointer-arith -Wnested-externs -Wstrict-prototypes -Wmissing-prototypes -Wmissing-declarations  conftest.c 1>&5
configure:1201:5: warning: function declaration isn't a prototype [-Wstrict-prototypes]
 1201 | int main() {
      |     ^~~~
configure: In function 'main':
configure:1218:5: warning: cast discards 'const' qualifier from pointer target type [-Wcast-qual]
 1218 | p = (char**) ccp;
      |     ^
configure:1222:15: warning: unused variable 's' [-Wunused-variable]
 1222 |   char const *s = 0 ? (char *) 0 : (char const *) 0;
      |               ^
configure:1227:7: warning: declaration of 'x' shadows a previous local [-Wshadow]
 1227 |   int x[] = {25, 17};
      |       ^
configure:1204:39: note: shadowed declaration is here
 1204 | typedef int charset[2]; const charset x = {0,0};
      |                                       ^
configure:1233:8: warning: declaration of 'p' shadows a previous local [-Wshadow]
 1233 |   iptr p = 0;
      |        ^
configure:1207:8: note: shadowed declaration is here
 1207 | char **p;
      |        ^
configure:1242:13: warning: unused variable 'foo' [-Wunused-variable]
 1242 |   const int foo = 10;
      |             ^~~
configure:1210:27: warning: unused variable 'zero' [-Wunused-variable]
 1210 | static struct point const zero = {0,0};
      |                           ^~~~
configure:1204:39: warning: unused variable 'x' [-Wunused-variable]
 1204 | typedef int charset[2]; const charset x = {0,0};
      |                                       ^
configure:1224:5: warning: 't' is used uninitialized [-Wuninitialized]
 1224 |   *t++ = 0;
      |    ~^~
configure:1221:9: note: 't' was declared here
 1221 |   char *t;
      |         ^
configure:1239:21: warning: 'b' is used uninitialized [-Wuninitialized]
 1239 |   struct s *b; b->j = 5;
      |                ~~~~~^~~
configure:1239:13: note: 'b' was declared here
 1239 |   struct s *b; b->j = 5;
      |             ^
configure:1269: checking return type of signal handlers
configure:1291: gcc -c -g -O2 -pipe -pedantic -Wall -W -Wshadow -Wbad-function-cast -Wcast-qual -Wcast-align -Wwrite-strings -Wpointer-arith -Wnested-externs -Wstrict-prototypes -Wmissing-prototypes -Wmissing-declarations  conftest.c 1>&5
configure:1283:1: warning: function declaration isn't a prototype [-Wstrict-prototypes]
 1283 | void (*signal ()) ();
      | ^~~~
configure:1283:1: warning: function declaration isn't a prototype [-Wstrict-prototypes]
configure:1286:5: warning: function declaration isn't a prototype [-Wstrict-prototypes]
 1286 | int main() {
      |     ^~~~
configure: In function 'main':
configure:1287:5: warning: unused variable 'i' [-Wunused-variable]
 1287 | int i;
      |     ^
configure:1310: checking for size_t
configure:1346: checking for working alloca.h
configure:1358: gcc -o conftest -g -O2 -pipe -pedantic -Wall -W -Wshadow -Wbad-function-cast -Wcast-qual -Wcast-align -Wwrite-strings -Wpointer-arith -Wnested-externs -Wstrict-prototypes -Wmissing-prototypes -Wmissing-declarations   conftest.c -lm  1>&5
configure:1353:5: warning: function declaration isn't a prototype [-Wstrict-prototypes]
 1353 | int main() {
      |     ^~~~
configure: In function 'main':
configure:1354:7: warning: unused variable 'p' [-Wunused-variable]
 1354 | char *p = alloca(2 * sizeof(int));
      |       ^
configure:1379: checking for alloca
configure:1412: gcc -o conftest -g -O2 -pipe -pedantic -Wall -W -Wshadow -Wbad-function-cast -Wcast-qual -Wcast-align -Wwrite-strings -Wpointer-arith -Wnested-externs -Wstrict-prototypes -Wmissing-prototypes -Wmissing-declarations   conftest.c -lm  1>&5
configure:1407:5: warning: function declaration isn't a prototype [-Wstrict-prototypes]
 1407 | int main() {
      |     ^~~~
configure: In function 'main':
configure:1408:7: warning: unused variable 'p' [-Wunused-variable]
 1408 | char *p = (char *) alloca(1);
      |       ^
configure:1578: checking for vprintf
configure:1606: gcc -o conftest -g -O2 -pipe -pedantic -Wall -W -Wshadow -Wbad-function-cast -Wcast-qual -Wcast-align -Wwrite-strings -Wpointer-arith -Wnested-externs -Wstrict-prototypes -Wmissing-prototypes -Wmissing-declarations   conftest.c -lm  1>&5
configure:1590:1: warning: function declaration isn't a prototype [-Wstrict-prototypes]
 1590 | char vprintf();
      | ^~~~
configure:1590:6: warning: conflicting types for built-in function 'vprintf'; expected 'int(const char *, __va_list_tag *)' [-Wbuiltin-declaration-mismatch]
 1590 | char vprintf();
      |      ^~~~~~~
configure:1587:1: note: 'vprintf' is declared in header '<stdio.h>'
 1586 | #include <assert.h>
  +++ |+#include <stdio.h>
 1587 | /* Override any gcc2 internal prototype to avoid an error.  */
configure:1592:5: warning: function declaration isn't a prototype [-Wstrict-prototypes]
 1592 | int main() {
      |     ^~~~
configure:1685: checking for remove
configure:1713: gcc -o conftest -g -O2 -pipe -pedantic -Wall -W -Wshadow -Wbad-function-cast -Wcast-qual -Wcast-align -Wwrite-strings -Wpointer-arith -Wnested-externs -Wstrict-prototypes -Wmissing-prototypes -Wmissing-declarations   conftest.c -lm  1>&5
configure:1697:1: warning: function declaration isn't a prototype [-Wstrict-prototypes]
 1697 | char $ac_func();
      | ^~~~
configure:1699:5: warning: function declaration isn't a prototype [-Wstrict-prototypes]
 1699 | int main() {
      |     ^~~~
configure:1740: checking for atanh
configure:1768: gcc -o conftest -g -O2 -pipe -pedantic -Wall -W -Wshadow -Wbad-function-cast -Wcast-qual -Wcast-align -Wwrite-strings -Wpointer-arith -Wnested-externs -Wstrict-prototypes -Wmissing-prototypes -Wmissing-declarations   conftest.c -lm  1>&5
configure:1752:1: warning: function declaration isn't a prototype [-Wstrict-prototypes]
 1752 | char $ac_func();
      | ^~~~
configure:1752:6: warning: conflicting types for built-in function 'atanh'; expected 'double(double)' [-Wbuiltin-declaration-mismatch]
 1752 | char $ac_func();
      |      ^~~~~
configure:1749:1: note: 'atanh' is declared in header '<math.h>'
 1748 | #include <assert.h>
  +++ |+#include <math.h>
 1749 | /* Override any gcc2 internal prototype to avoid an error.  */
configure:1754:5: warning: function declaration isn't a prototype [-Wstrict-prototypes]
 1754 | int main() {
      |     ^~~~
configure:1740: checking for erf
configure:1768: gcc -o conftest -g -O2 -pipe -pedantic -Wall -W -Wshadow -Wbad-function-cast -Wcast-qual -Wcast-align -Wwrite-strings -Wpointer-arith -Wnested-externs -Wstrict-prototypes -Wmissing-prototypes -Wmissing-declarations   conftest.c -lm  1>&5
configure:1752:1: warning: function declaration isn't a prototype [-Wstrict-prototypes]
 1752 | char $ac_func();
      | ^~~~
configure:1752:6: warning: conflicting types for built-in function 'erf'; expected 'double(double)' [-Wbuiltin-declaration-mismatch]
 1752 | char $ac_func();
      |      ^~~
configure:1749:1: note: 'erf' is declared in header '<math.h>'
 1748 | #include <assert.h>
  +++ |+#include <math.h>
 1749 | /* Override any gcc2 internal prototype to avoid an error.  */
configure:1754:5: warning: function declaration isn't a prototype [-Wstrict-prototypes]
 1754 | int main() {
      |     ^~~~
configure:1740: checking for hypot
configure:1768: gcc -o conftest -g -O2 -pipe -pedantic -Wall -W -Wshadow -Wbad-function-cast -Wcast-qual -Wcast-align -Wwrite-strings -Wpointer-arith -Wnested-externs -Wstrict-prototypes -Wmissing-prototypes -Wmissing-declarations   conftest.c -lm  1>&5
configure:1752:1: warning: function declaration isn't a prototype [-Wstrict-prototypes]
 1752 | char $ac_func();
      | ^~~~
configure:1752:6: warning: conflicting types for built-in function 'hypot'; expected 'double(double,  double)' [-Wbuiltin-declaration-mismatch]
 1752 | char $ac_func();
      |      ^~~~~
configure:1749:1: note: 'hypot' is declared in header '<math.h>'
 1748 | #include <assert.h>
  +++ |+#include <math.h>
 1749 | /* Override any gcc2 internal prototype to avoid an error.  */
configure:1754:5: warning: function declaration isn't a prototype [-Wstrict-prototypes]
 1754 | int main() {
      |     ^~~~
